#
# A fatal error has been detected by the Java Runtime Environment:
#
#  Internal Error (javaClasses.cpp:129), pid=158352, tid=158376
#  fatal error: Invalid layout of preloaded class
#
# JRE version: 7.0_25-b17
# Java VM: Java HotSpot(TM) 64-Bit Server VM (23.25-b01 mixed mode windows-amd64 compressed oops)
# Failed to write core dump. Minidumps are not enabled by default on client versions of Windows
#
# If you would like to submit a bug report, please visit:
#   http://bugreport.sun.com/bugreport/crash.jsp
#

---------------  T H R E A D  ---------------

Current thread (0x000000000234d800):  JavaThread "Unknown thread" [_thread_in_vm, id=158376, stack(0x00000000021b0000,0x00000000022b0000)]

Stack: [0x00000000021b0000,0x00000000022b0000]

---------------  P R O C E S S  ---------------

Java Threads: ( => current thread )

Other Threads:

=>0x000000000234d800 (exited) JavaThread "Unknown thread" [_thread_in_vm, id=158376, stack(0x00000000021b0000,0x00000000022b0000)]

VM state:not at safepoint (not fully initialized)

VM Mutex/Monitor currently owned by a thread: None

GC Heap History (0 events):
No events

Deoptimization events (0 events):
No events

Internal exceptions (0 events):
No events

Events (10 events):
Event: 0.007 loading class 0x00000000023a2280 done
Event: 0.007 loading class 0x0000000002364ff0 done
Event: 0.007 loading class 0x0000000002365680
Event: 0.007 loading class 0x0000000010d83ca0
Event: 0.007 loading class 0x0000000010d83ca0 done
Event: 0.007 loading class 0x0000000010d83da0
Event: 0.007 loading class 0x0000000010d83da0 done
Event: 0.007 loading class 0x0000000010d82b00
Event: 0.007 loading class 0x0000000010d82b00 done
Event: 0.007 loading class 0x0000000002365680 done


Dynamic libraries:
0x000007f622180000 - 0x000007f6221b3000 	C:\Program Files\Java\jre7\bin\javaw.exe
0x000007ffa42d0000 - 0x000007ffa4490000 	C:\Windows\SYSTEM32\ntdll.dll
0x000007ffa3880000 - 0x000007ffa39b6000 	C:\Windows\system32\KERNEL32.DLL
0x000007ffa1360000 - 0x000007ffa1453000 	C:\Windows\system32\KERNELBASE.dll
0x000007ffa39c0000 - 0x000007ffa3a9e000 	C:\Windows\system32\ADVAPI32.dll
0x000007ffa1e90000 - 0x000007ffa1fdc000 	C:\Windows\system32\USER32.dll
0x000007ff9e730000 - 0x000007ff9e99a000 	C:\Windows\WinSxS\amd64_microsoft.windows.common-controls_6595b64144ccf1df_6.0.9200.16579_none_418ab7ef718b27ef\COMCTL32.dll
0x000007ffa4050000 - 0x000007ffa40f5000 	C:\Windows\system32\msvcrt.dll
0x000007ffa22b0000 - 0x000007ffa22f8000 	C:\Windows\SYSTEM32\sechost.dll
0x000007ffa1b40000 - 0x000007ffa1c80000 	C:\Windows\system32\RPCRT4.dll
0x000007ffa1d00000 - 0x000007ffa1e41000 	C:\Windows\system32\GDI32.dll
0x000007ffa1e50000 - 0x000007ffa1e89000 	C:\Windows\system32\IMM32.DLL
0x000007ffa1780000 - 0x000007ffa1895000 	C:\Windows\system32\MSCTF.dll
0x0000000075200000 - 0x00000000752d1000 	C:\Program Files\Java\jre7\bin\msvcr100.dll
0x0000000073190000 - 0x000000007389f000 	C:\Program Files\Java\jre7\bin\server\jvm.dll
0x000007ff9df70000 - 0x000007ff9df79000 	C:\Windows\SYSTEM32\WSOCK32.dll
0x000007ff9a2b0000 - 0x000007ff9a2d0000 	C:\Windows\SYSTEM32\WINMM.dll
0x000007ffa1b30000 - 0x000007ffa1b37000 	C:\Windows\system32\PSAPI.DLL
0x000007ffa3e40000 - 0x000007ffa3e98000 	C:\Windows\system32\WS2_32.dll
0x000007ff9a1b0000 - 0x000007ff9a1e2000 	C:\Windows\SYSTEM32\WINMMBASE.dll
0x000007ffa3ea0000 - 0x000007ffa3ea9000 	C:\Windows\system32\NSI.dll
0x00000000751f0000 - 0x00000000751ff000 	C:\Program Files\Java\jre7\bin\verify.dll
0x00000000751c0000 - 0x00000000751e8000 	C:\Program Files\Java\jre7\bin\java.dll
0x00000000751a0000 - 0x00000000751b5000 	C:\Program Files\Java\jre7\bin\zip.dll

VM Arguments:
jvm_args: -Dfile.encoding=Cp1252 -Xbootclasspath:C:\Users\Stephen\android-sdks\platforms\android-17\android.jar 
java_command: com.example.randomdice.MainActivity
Launcher Type: SUN_STANDARD

Environment Variables:
PATH=C:\Program Files (x86)\NVIDIA Corporation\PhysX\Common;C:\Program Files (x86)\Intel\iCLS Client\;C:\Program Files\Intel\iCLS Client\;C:\Windows\system32;C:\Windows;C:\Windows\System32\Wbem;C:\Windows\System32\WindowsPowerShell\v1.0\;C:\Program Files\Intel\Intel(R) Management Engine Components\DAL;C:\Program Files\Intel\Intel(R) Management Engine Components\IPT;C:\Program Files (x86)\Intel\Intel(R) Management Engine Components\DAL;C:\Program Files (x86)\Intel\Intel(R) Management Engine Components\IPT;C:\Program Files (x86)\Subversion\bin
USERNAME=Pantsu
OS=Windows_NT
PROCESSOR_IDENTIFIER=Intel64 Family 6 Model 58 Stepping 9, GenuineIntel



---------------  S Y S T E M  ---------------

OS: Windows 8 , 64 bit Build 9200 

CPU:total 8 (4 cores per cpu, 2 threads per core) family 6 model 58 stepping 9, cmov, cx8, fxsr, mmx, sse, sse2, sse3, ssse3, sse4.1, sse4.2, popcnt, avx, ht, tsc, tscinvbit, tscinv

Memory: 4k page, physical 16733040k(8030244k free), swap 33510256k(24316444k free)

vm_info: Java HotSpot(TM) 64-Bit Server VM (23.25-b01) for windows-amd64 JRE (1.7.0_25-b17), built on Jun 21 2013 12:58:32 by "java_re" with unknown MS VC++:1600

time: Fri Jul 12 02:24:03 2013
elapsed time: 0 seconds

