#
# A fatal error has been detected by the Java Runtime Environment:
#
#  Internal Error (javaClasses.cpp:129), pid=8052, tid=7448
#  fatal error: Invalid layout of preloaded class
#
# JRE version: 7.0_25-b17
# Java VM: Java HotSpot(TM) 64-Bit Server VM (23.25-b01 mixed mode windows-amd64 compressed oops)
# Failed to write core dump. Minidumps are not enabled by default on client versions of Windows
#
# If you would like to submit a bug report, please visit:
#   http://bugreport.sun.com/bugreport/crash.jsp
#

---------------  T H R E A D  ---------------

Current thread (0x000000000242d800):  JavaThread "Unknown thread" [_thread_in_vm, id=7448, stack(0x0000000002430000,0x0000000002530000)]

Stack: [0x0000000002430000,0x0000000002530000]

---------------  P R O C E S S  ---------------

Java Threads: ( => current thread )

Other Threads:

=>0x000000000242d800 (exited) JavaThread "Unknown thread" [_thread_in_vm, id=7448, stack(0x0000000002430000,0x0000000002530000)]

VM state:not at safepoint (not fully initialized)

VM Mutex/Monitor currently owned by a thread: None

GC Heap History (0 events):
No events

Deoptimization events (0 events):
No events

Internal exceptions (0 events):
No events

Events (10 events):
Event: 0.008 loading class 0x0000000002583760 done
Event: 0.008 loading class 0x00000000025453e0 done
Event: 0.008 loading class 0x0000000002545380
Event: 0.008 loading class 0x0000000010f91b10
Event: 0.008 loading class 0x0000000010f91b10 done
Event: 0.008 loading class 0x0000000010f91e10
Event: 0.008 loading class 0x0000000010f91e10 done
Event: 0.008 loading class 0x0000000010f90b70
Event: 0.008 loading class 0x0000000010f90b70 done
Event: 0.009 loading class 0x0000000002545380 done


Dynamic libraries:
0x000007f6fb8f0000 - 0x000007f6fb923000 	C:\Program Files\Java\jre7\bin\javaw.exe
0x000007ffcaa90000 - 0x000007ffcac50000 	C:\Windows\SYSTEM32\ntdll.dll
0x000007ffca000000 - 0x000007ffca136000 	C:\Windows\system32\KERNEL32.DLL
0x000007ffc7d90000 - 0x000007ffc7e83000 	C:\Windows\system32\KERNELBASE.dll
0x000007ffca2a0000 - 0x000007ffca37e000 	C:\Windows\system32\ADVAPI32.dll
0x000007ffca940000 - 0x000007ffcaa8c000 	C:\Windows\system32\USER32.dll
0x000007ffc54a0000 - 0x000007ffc570a000 	C:\Windows\WinSxS\amd64_microsoft.windows.common-controls_6595b64144ccf1df_6.0.9200.16579_none_418ab7ef718b27ef\COMCTL32.dll
0x000007ffc9f50000 - 0x000007ffc9ff5000 	C:\Windows\system32\msvcrt.dll
0x000007ffc86c0000 - 0x000007ffc8708000 	C:\Windows\SYSTEM32\sechost.dll
0x000007ffc9e10000 - 0x000007ffc9f50000 	C:\Windows\system32\RPCRT4.dll
0x000007ffc7f60000 - 0x000007ffc80a1000 	C:\Windows\system32\GDI32.dll
0x000007ffca500000 - 0x000007ffca539000 	C:\Windows\system32\IMM32.DLL
0x000007ffca7b0000 - 0x000007ffca8c5000 	C:\Windows\system32\MSCTF.dll
0x00000000550f0000 - 0x00000000551c1000 	C:\Program Files\Java\jre7\bin\msvcr100.dll
0x00000000549e0000 - 0x00000000550ef000 	C:\Program Files\Java\jre7\bin\server\jvm.dll
0x000007ffc1180000 - 0x000007ffc1189000 	C:\Windows\SYSTEM32\WSOCK32.dll
0x000007ffc4ed0000 - 0x000007ffc4ef0000 	C:\Windows\SYSTEM32\WINMM.dll
0x000007ffc8950000 - 0x000007ffc8957000 	C:\Windows\system32\PSAPI.DLL
0x000007ffca8d0000 - 0x000007ffca928000 	C:\Windows\system32\WS2_32.dll
0x000007ffc4d90000 - 0x000007ffc4dc2000 	C:\Windows\SYSTEM32\WINMMBASE.dll
0x000007ffc8710000 - 0x000007ffc8719000 	C:\Windows\system32\NSI.dll
0x0000000055230000 - 0x000000005523f000 	C:\Program Files\Java\jre7\bin\verify.dll
0x0000000055200000 - 0x0000000055228000 	C:\Program Files\Java\jre7\bin\java.dll
0x00000000549c0000 - 0x00000000549d5000 	C:\Program Files\Java\jre7\bin\zip.dll

VM Arguments:
jvm_args: -Dfile.encoding=Cp1252 -Xbootclasspath:C:\Users\Stephen\android-sdks\platforms\android-17\android.jar 
java_command: com.example.randomdice.MainActivity
Launcher Type: SUN_STANDARD

Environment Variables:
PATH=C:\Program Files (x86)\NVIDIA Corporation\PhysX\Common;C:\Program Files (x86)\Intel\iCLS Client\;C:\Program Files\Intel\iCLS Client\;C:\Windows\system32;C:\Windows;C:\Windows\System32\Wbem;C:\Windows\System32\WindowsPowerShell\v1.0\;C:\Program Files\Intel\Intel(R) Management Engine Components\DAL;C:\Program Files\Intel\Intel(R) Management Engine Components\IPT;C:\Program Files (x86)\Intel\Intel(R) Management Engine Components\DAL;C:\Program Files (x86)\Intel\Intel(R) Management Engine Components\IPT;C:\Program Files (x86)\Subversion\bin
USERNAME=Pantsu
OS=Windows_NT
PROCESSOR_IDENTIFIER=Intel64 Family 6 Model 58 Stepping 9, GenuineIntel



---------------  S Y S T E M  ---------------

OS: Windows 8 , 64 bit Build 9200 

CPU:total 8 (4 cores per cpu, 2 threads per core) family 6 model 58 stepping 9, cmov, cx8, fxsr, mmx, sse, sse2, sse3, ssse3, sse4.1, sse4.2, popcnt, avx, ht, tsc, tscinvbit, tscinv

Memory: 4k page, physical 16733040k(8557624k free), swap 33510256k(21642544k free)

vm_info: Java HotSpot(TM) 64-Bit Server VM (23.25-b01) for windows-amd64 JRE (1.7.0_25-b17), built on Jun 21 2013 12:58:32 by "java_re" with unknown MS VC++:1600

time: Tue Jul 23 14:57:23 2013
elapsed time: 0 seconds

